15:15:51 **** Incremental Build of configuration Default for project stm32f411_base ****
make all 
make: Nothing to be done for 'all'.
15:15:54 **** Incremental Build of configuration Default for project stm32f411_base ****
make all 
make: Nothing to be done for 'all'.
15:17:28 **** Incremental Build of configuration Default for project stm32f411_base ****
make all 
make: Nothing to be done for 'all'.
15:25:21 **** Incremental Build of configuration Default for project stm32f411_base ****
make all 
/local/sdk_elec/gcc-arm-none-eabi-5_2-2015q4/bin/arm-none-eabi-gcc -IMOTENV1/Inc/ -IDrivers/STM32F4xx_HAL_Driver/Inc/ -IDrivers/CMSIS/Device/ST/STM32F4xx/Include/ -IDrivers/CMSIS/Include/ -IDrivers/BSP/STM32F4xx-Nucleo/ -IDrivers/BSP/X-NUCLEO-IDB04A1 -IMiddlewares/ST/STM32_BlueNRG/SimpleBlueNRG_HCI/includes -IMiddlewares/ST/STM32_BlueNRG/Interface -IDrivers/BSP/X-NUCLEO-IDB0xA1 -IDrivers/BSP/X_NUCLEO_IKS01A1 -IDrivers/BSP/X_NUCLEO_IKS01A2 -IMiddlewares/ST/STM32_MetaDataManager -IMiddlewares/ST/STM32_MotionAR_Library/Inc -IMiddlewares/ST/STM32_MotionCP_Library/Inc -IMiddlewares/ST/STM32_MotionFX_Library/Inc -IMiddlewares/ST/STM32_MotionGR_Library/Inc -IMiddlewares/ST/STM32_MotionID_Library/Inc -IMiddlewares/ST/STM32_MotionPM_Library/Inc -IDrivers/BSP/Components/Common -IDrivers/BSP/Components/hts221 -IDrivers/BSP/Components/lis3mdl -IDrivers/BSP/Components/lps22hb -IDrivers/BSP/Components/lps25hb -IDrivers/BSP/Components/lsm303agr -IDrivers/BSP/Components/lsm6ds0 -IDrivers/BSP/Components/lsm6ds3 -IDrivers/BSP/Components/lsm6dsl -IDrivers/BSP/Components/lsm6dsm -IDrivers/BSP/Components/stc3115 -IDrivers/BSP/X_NUCLEO_IKS01A1 -IDrivers/BSP/X_NUCLEO_IKS01A2 -DSTM32F411xE -ggdb -O0 -D ARM_MATH_CM4 -L  -mlittle-endian -mthumb -mcpu=cortex-m4 -mthumb-interwork -Wl,--gc-sections -mfpu=fpv4-sp-d16 -mfloat-abi=hard -fsingle-precision-constant -Wall -Wextra -Warray-bounds -Wno-unused-parameter -TDevice/gcc.ld -mfloat-abi=hard -lc -lgcc -lgcov -lm -Wl,-Map=template.elf.map Drivers/STM32F4xx_HAL_Driver/Src/stm32f4xx_hal.c Drivers/STM32F4xx_HAL_Driver/Src/stm32f4xx_hal_rcc.c Drivers/STM32F4xx_HAL_Driver/Src/stm32f4xx_hal_gpio.c Drivers/STM32F4xx_HAL_Driver/Src/stm32f4xx_hal_cortex.c Drivers/STM32F4xx_HAL_Driver/Src/stm32f4xx_hal_pcd.c Drivers/STM32F4xx_HAL_Driver/Src/stm32f4xx_hal_pcd_ex.c Drivers/STM32F4xx_HAL_Driver/Src/stm32f4xx_hal_uart.c Drivers/STM32F4xx_HAL_Driver/Src/stm32f4xx_hal_usart.c Drivers/STM32F4xx_HAL_Driver/Src/stm32f4xx_hal_spi.c Drivers/STM32F4xx_HAL_Driver/Src/stm32f4xx_hal_dma.c Drivers/STM32F4xx_HAL_Driver/Src/stm32f4xx_hal_dma_ex.c Drivers/STM32F4xx_HAL_Driver/Src/stm32f4xx_hal_adc.c Drivers/STM32F4xx_HAL_Driver/Src/stm32f4xx_hal_adc_ex.c Drivers/STM32F4xx_HAL_Driver/Src/stm32f4xx_hal_tim.c Drivers/STM32F4xx_HAL_Driver/Src/stm32f4xx_hal_tim_ex.c Drivers/STM32F4xx_HAL_Driver/Src/stm32f4xx_hal_crc.c Drivers/STM32F4xx_HAL_Driver/Src/stm32f4xx_hal_i2c.c Drivers/STM32F4xx_HAL_Driver/Src/stm32f4xx_hal_flash.c Drivers/STM32F4xx_HAL_Driver/Src/stm32f4xx_hal_flash_ex.c MOTENV1/Src/main.c Drivers/CMSIS/Device/ST/STM32F4xx/Source/Templates/gcc/startup_stm32f411xe.s Drivers/BSP/STM32F4xx-Nucleo/stm32f4xx_nucleo.c MOTENV1/Src/stm32f4xx_hal_msp.c MOTENV1/Src/stm32f4xx_it.c MOTENV1/Src/system_stm32f4xx.c MOTENV1/Src/sensor_service.c MOTENV1/Src/syscalls.c MOTENV1/Src/TargetPlatform.c MOTENV1/Src/drv_uart.c Drivers/BSP/X-NUCLEO-IDB04A1/stm32_bluenrg_ble.c Middlewares/ST/STM32_BlueNRG/SimpleBlueNRG_HCI/hci/hci.c Middlewares/ST/STM32_BlueNRG/SimpleBlueNRG_HCI/hci/controller/bluenrg_gap_aci.c Middlewares/ST/STM32_BlueNRG/SimpleBlueNRG_HCI/hci/controller/bluenrg_gatt_aci.c Middlewares/ST/STM32_BlueNRG/SimpleBlueNRG_HCI/hci/controller/bluenrg_hal_aci.c Middlewares/ST/STM32_BlueNRG/SimpleBlueNRG_HCI/hci/controller/bluenrg_IFR.c Middlewares/ST/STM32_BlueNRG/SimpleBlueNRG_HCI/hci/controller/bluenrg_l2cap_aci.c Middlewares/ST/STM32_BlueNRG/SimpleBlueNRG_HCI/hci/controller/bluenrg_updater_aci.c Middlewares/ST/STM32_BlueNRG/SimpleBlueNRG_HCI/hci/controller/bluenrg_utils.c Middlewares/ST/STM32_BlueNRG/SimpleBlueNRG_HCI/utils/ble_list.c Middlewares/ST/STM32_BlueNRG/SimpleBlueNRG_HCI/utils/gp_timer.c Middlewares/ST/STM32_BlueNRG/SimpleBlueNRG_HCI/utils/osal.c Drivers/BSP/STM32F4xx-Nucleo/stm32f4xx_I2C.c Drivers/BSP/STM32F4xx-Nucleo/stm32f4xx_SPI.c Drivers/BSP/X_NUCLEO_IKS01A1/x_nucleo_iks01a1_humidity.c Drivers/BSP/X_NUCLEO_IKS01A1/x_nucleo_iks01a1_temperature.c Drivers/BSP/X_NUCLEO_IKS01A1/x_nucleo_iks01a1_pressure.c Drivers/BSP/X_NUCLEO_IKS01A1/x_nucleo_iks01a1.c Drivers/BSP/X_NUCLEO_IKS01A2/x_nucleo_iks01a2_humidity.c Drivers/BSP/X_NUCLEO_IKS01A2/x_nucleo_iks01a2_temperature.c Drivers/BSP/X_NUCLEO_IKS01A2/x_nucleo_iks01a2_pressure.c Drivers/BSP/X_NUCLEO_IKS01A2/x_nucleo_iks01a2.c Drivers/BSP/Components/hts221/HTS221_Driver_HL.c Drivers/BSP/Components/hts221/HTS221_Driver.c Drivers/BSP/Components/lps22hb/LPS22HB_Driver_HL.c Drivers/BSP/Components/lps22hb/LPS22HB_Driver.c Drivers/BSP/Components/lps25hb/LPS25HB_Driver_HL.c Drivers/BSP/Components/lps25hb/LPS25HB_Driver.c -o template.elf
MOTENV1/Src/main.c: In function 'main':
MOTENV1/Src/main.c:94:6: warning: implicit declaration of function 'setConnectable_2' [-Wimplicit-function-declaration]
      setConnectable_2();
      ^
MOTENV1/Src/main.c: In function 'SendEnvironmentalData':
MOTENV1/Src/main.c:153:11: warning: unused variable 'Status' [-Wunused-variable]
   uint8_t Status;
           ^
MOTENV1/Src/main.c: At top level:
MOTENV1/Src/main.c:381:6: error: redefinition of 'HAL_GPIO_EXTI_Callback'
 void HAL_GPIO_EXTI_Callback(uint16_t GPIO_Pin)
      ^
MOTENV1/Src/main.c:357:6: note: previous definition of 'HAL_GPIO_EXTI_Callback' was here
 void HAL_GPIO_EXTI_Callback(uint16_t GPIO_Pin)
      ^
MOTENV1/Src/sensor_service.c: In function 'Environmental_Update':
MOTENV1/Src/sensor_service.c:178:11: warning: variable 'buff_Tick' set but not used [-Wunused-but-set-variable]
   uint8_t buff_Tick[2];
           ^
MOTENV1/Src/sensor_service.c: At top level:
MOTENV1/Src/sensor_service.c:32:17: warning: 'PressionCharHandle' defined but not used [-Wunused-variable]
 static uint16_t PressionCharHandle;
                 ^
MOTENV1/Src/sensor_service.c:36:17: warning: 'ConsoleW2STHandle' defined but not used [-Wunused-variable]
 static uint16_t ConsoleW2STHandle;
                 ^
MOTENV1/Src/sensor_service.c:39:16: warning: 'LastStderrBuffer' defined but not used [-Wunused-variable]
 static uint8_t LastStderrBuffer[W2ST_CONSOLE_MAX_CHAR_LEN];
                ^
MOTENV1/Src/sensor_service.c:40:16: warning: 'LastStderrLen' defined but not used [-Wunused-variable]
 static uint8_t LastStderrLen;
                ^
Middlewares/ST/STM32_BlueNRG/SimpleBlueNRG_HCI/hci/controller/bluenrg_gap_aci.c: In function 'aci_gap_set_limited_discoverable':
Middlewares/ST/STM32_BlueNRG/SimpleBlueNRG_HCI/hci/controller/bluenrg_gap_aci.c:123:40: warning: comparison between signed and unsigned integer expressions [-Wsign-compare]
   if ((LocalNameLen+ServiceUUIDLen+14) > sizeof(buffer))
                                        ^
Middlewares/ST/STM32_BlueNRG/SimpleBlueNRG_HCI/hci/controller/bluenrg_gap_aci.c: In function 'aci_gap_set_discoverable':
Middlewares/ST/STM32_BlueNRG/SimpleBlueNRG_HCI/hci/controller/bluenrg_gap_aci.c:186:40: warning: comparison between signed and unsigned integer expressions [-Wsign-compare]
   if ((LocalNameLen+ServiceUUIDLen+14) > sizeof(buffer))
                                        ^
Middlewares/ST/STM32_BlueNRG/SimpleBlueNRG_HCI/hci/controller/bluenrg_gap_aci.c: In function 'aci_gap_resolve_private_address_IDB05A1':
Middlewares/ST/STM32_BlueNRG/SimpleBlueNRG_HCI/hci/controller/bluenrg_gap_aci.c:1175:49: warning: 'sizeof' on array function parameter 'actual_address' will return size of 'uint8_t * {aka unsigned char *}' [-Wsizeof-array-argument]
   Osal_MemCpy(actual_address, rp.address, sizeof(actual_address));  
                                                 ^
Middlewares/ST/STM32_BlueNRG/SimpleBlueNRG_HCI/hci/controller/bluenrg_gap_aci.c:1153:91: note: declared here
 tBleStatus aci_gap_resolve_private_address_IDB05A1(const tBDAddr private_address, tBDAddr actual_address)
                                                                                           ^
Middlewares/ST/STM32_BlueNRG/SimpleBlueNRG_HCI/hci/controller/bluenrg_hal_aci.c: In function 'aci_hal_get_link_status':
Middlewares/ST/STM32_BlueNRG/SimpleBlueNRG_HCI/hci/controller/bluenrg_hal_aci.c:235:48: warning: 'sizeof' on array function parameter 'link_status' will return size of 'uint8_t * {aka unsigned char *}' [-Wsizeof-array-argument]
   Osal_MemCpy(link_status,rp.link_status,sizeof(link_status));
                                                ^
Middlewares/ST/STM32_BlueNRG/SimpleBlueNRG_HCI/hci/controller/bluenrg_hal_aci.c:218:44: note: declared here
 tBleStatus aci_hal_get_link_status(uint8_t link_status[8], uint16_t conn_handle[8])
                                            ^
Middlewares/ST/STM32_BlueNRG/SimpleBlueNRG_HCI/hci/controller/bluenrg_IFR.c:357:2: warning: #warning BLUENRG_CONFIG not valid [-Wcpp]
 #warning BLUENRG_CONFIG not valid
  ^
Middlewares/ST/STM32_BlueNRG/SimpleBlueNRG_HCI/hci/controller/bluenrg_utils.c: In function 'program_device':
Middlewares/ST/STM32_BlueNRG/SimpleBlueNRG_HCI/hci/controller/bluenrg_utils.c:102:3: warning: implicit declaration of function 'BlueNRG_HW_Bootloader' [-Wimplicit-function-declaration]
   BlueNRG_HW_Bootloader();
   ^
Middlewares/ST/STM32_BlueNRG/SimpleBlueNRG_HCI/hci/controller/bluenrg_utils.c:146:20: warning: comparison between signed and unsigned integer expressions [-Wsign-compare]
       for (j=i; ((j<SECTOR_SIZE+i)&&(j<fw_size)); j += data_size) {
                    ^
Middlewares/ST/STM32_BlueNRG/SimpleBlueNRG_HCI/hci/controller/bluenrg_utils.c:183:3: warning: implicit declaration of function 'BlueNRG_RST' [-Wimplicit-function-declaration]
   BlueNRG_RST();
   ^
make: *** [template.elf] Error 1
Makefile:207: recipe for target 'template.elf' failed
15:25:54 **** Incremental Build of configuration Default for project stm32f411_base ****
make all 
/local/sdk_elec/gcc-arm-none-eabi-5_2-2015q4/bin/arm-none-eabi-gcc -IMOTENV1/Inc/ -IDrivers/STM32F4xx_HAL_Driver/Inc/ -IDrivers/CMSIS/Device/ST/STM32F4xx/Include/ -IDrivers/CMSIS/Include/ -IDrivers/BSP/STM32F4xx-Nucleo/ -IDrivers/BSP/X-NUCLEO-IDB04A1 -IMiddlewares/ST/STM32_BlueNRG/SimpleBlueNRG_HCI/includes -IMiddlewares/ST/STM32_BlueNRG/Interface -IDrivers/BSP/X-NUCLEO-IDB0xA1 -IDrivers/BSP/X_NUCLEO_IKS01A1 -IDrivers/BSP/X_NUCLEO_IKS01A2 -IMiddlewares/ST/STM32_MetaDataManager -IMiddlewares/ST/STM32_MotionAR_Library/Inc -IMiddlewares/ST/STM32_MotionCP_Library/Inc -IMiddlewares/ST/STM32_MotionFX_Library/Inc -IMiddlewares/ST/STM32_MotionGR_Library/Inc -IMiddlewares/ST/STM32_MotionID_Library/Inc -IMiddlewares/ST/STM32_MotionPM_Library/Inc -IDrivers/BSP/Components/Common -IDrivers/BSP/Components/hts221 -IDrivers/BSP/Components/lis3mdl -IDrivers/BSP/Components/lps22hb -IDrivers/BSP/Components/lps25hb -IDrivers/BSP/Components/lsm303agr -IDrivers/BSP/Components/lsm6ds0 -IDrivers/BSP/Components/lsm6ds3 -IDrivers/BSP/Components/lsm6dsl -IDrivers/BSP/Components/lsm6dsm -IDrivers/BSP/Components/stc3115 -IDrivers/BSP/X_NUCLEO_IKS01A1 -IDrivers/BSP/X_NUCLEO_IKS01A2 -DSTM32F411xE -ggdb -O0 -D ARM_MATH_CM4 -L  -mlittle-endian -mthumb -mcpu=cortex-m4 -mthumb-interwork -Wl,--gc-sections -mfpu=fpv4-sp-d16 -mfloat-abi=hard -fsingle-precision-constant -Wall -Wextra -Warray-bounds -Wno-unused-parameter -TDevice/gcc.ld -mfloat-abi=hard -lc -lgcc -lgcov -lm -Wl,-Map=template.elf.map Drivers/STM32F4xx_HAL_Driver/Src/stm32f4xx_hal.c Drivers/STM32F4xx_HAL_Driver/Src/stm32f4xx_hal_rcc.c Drivers/STM32F4xx_HAL_Driver/Src/stm32f4xx_hal_gpio.c Drivers/STM32F4xx_HAL_Driver/Src/stm32f4xx_hal_cortex.c Drivers/STM32F4xx_HAL_Driver/Src/stm32f4xx_hal_pcd.c Drivers/STM32F4xx_HAL_Driver/Src/stm32f4xx_hal_pcd_ex.c Drivers/STM32F4xx_HAL_Driver/Src/stm32f4xx_hal_uart.c Drivers/STM32F4xx_HAL_Driver/Src/stm32f4xx_hal_usart.c Drivers/STM32F4xx_HAL_Driver/Src/stm32f4xx_hal_spi.c Drivers/STM32F4xx_HAL_Driver/Src/stm32f4xx_hal_dma.c Drivers/STM32F4xx_HAL_Driver/Src/stm32f4xx_hal_dma_ex.c Drivers/STM32F4xx_HAL_Driver/Src/stm32f4xx_hal_adc.c Drivers/STM32F4xx_HAL_Driver/Src/stm32f4xx_hal_adc_ex.c Drivers/STM32F4xx_HAL_Driver/Src/stm32f4xx_hal_tim.c Drivers/STM32F4xx_HAL_Driver/Src/stm32f4xx_hal_tim_ex.c Drivers/STM32F4xx_HAL_Driver/Src/stm32f4xx_hal_crc.c Drivers/STM32F4xx_HAL_Driver/Src/stm32f4xx_hal_i2c.c Drivers/STM32F4xx_HAL_Driver/Src/stm32f4xx_hal_flash.c Drivers/STM32F4xx_HAL_Driver/Src/stm32f4xx_hal_flash_ex.c MOTENV1/Src/main.c Drivers/CMSIS/Device/ST/STM32F4xx/Source/Templates/gcc/startup_stm32f411xe.s Drivers/BSP/STM32F4xx-Nucleo/stm32f4xx_nucleo.c MOTENV1/Src/stm32f4xx_hal_msp.c MOTENV1/Src/stm32f4xx_it.c MOTENV1/Src/system_stm32f4xx.c MOTENV1/Src/sensor_service.c MOTENV1/Src/syscalls.c MOTENV1/Src/TargetPlatform.c MOTENV1/Src/drv_uart.c Drivers/BSP/X-NUCLEO-IDB04A1/stm32_bluenrg_ble.c Middlewares/ST/STM32_BlueNRG/SimpleBlueNRG_HCI/hci/hci.c Middlewares/ST/STM32_BlueNRG/SimpleBlueNRG_HCI/hci/controller/bluenrg_gap_aci.c Middlewares/ST/STM32_BlueNRG/SimpleBlueNRG_HCI/hci/controller/bluenrg_gatt_aci.c Middlewares/ST/STM32_BlueNRG/SimpleBlueNRG_HCI/hci/controller/bluenrg_hal_aci.c Middlewares/ST/STM32_BlueNRG/SimpleBlueNRG_HCI/hci/controller/bluenrg_IFR.c Middlewares/ST/STM32_BlueNRG/SimpleBlueNRG_HCI/hci/controller/bluenrg_l2cap_aci.c Middlewares/ST/STM32_BlueNRG/SimpleBlueNRG_HCI/hci/controller/bluenrg_updater_aci.c Middlewares/ST/STM32_BlueNRG/SimpleBlueNRG_HCI/hci/controller/bluenrg_utils.c Middlewares/ST/STM32_BlueNRG/SimpleBlueNRG_HCI/utils/ble_list.c Middlewares/ST/STM32_BlueNRG/SimpleBlueNRG_HCI/utils/gp_timer.c Middlewares/ST/STM32_BlueNRG/SimpleBlueNRG_HCI/utils/osal.c Drivers/BSP/STM32F4xx-Nucleo/stm32f4xx_I2C.c Drivers/BSP/STM32F4xx-Nucleo/stm32f4xx_SPI.c Drivers/BSP/X_NUCLEO_IKS01A1/x_nucleo_iks01a1_humidity.c Drivers/BSP/X_NUCLEO_IKS01A1/x_nucleo_iks01a1_temperature.c Drivers/BSP/X_NUCLEO_IKS01A1/x_nucleo_iks01a1_pressure.c Drivers/BSP/X_NUCLEO_IKS01A1/x_nucleo_iks01a1.c Drivers/BSP/X_NUCLEO_IKS01A2/x_nucleo_iks01a2_humidity.c Drivers/BSP/X_NUCLEO_IKS01A2/x_nucleo_iks01a2_temperature.c Drivers/BSP/X_NUCLEO_IKS01A2/x_nucleo_iks01a2_pressure.c Drivers/BSP/X_NUCLEO_IKS01A2/x_nucleo_iks01a2.c Drivers/BSP/Components/hts221/HTS221_Driver_HL.c Drivers/BSP/Components/hts221/HTS221_Driver.c Drivers/BSP/Components/lps22hb/LPS22HB_Driver_HL.c Drivers/BSP/Components/lps22hb/LPS22HB_Driver.c Drivers/BSP/Components/lps25hb/LPS25HB_Driver_HL.c Drivers/BSP/Components/lps25hb/LPS25HB_Driver.c -o template.elf
MOTENV1/Src/main.c: In function 'main':
MOTENV1/Src/main.c:94:6: warning: implicit declaration of function 'setConnectable_2' [-Wimplicit-function-declaration]
      setConnectable_2();
      ^
MOTENV1/Src/main.c: In function 'SendEnvironmentalData':
MOTENV1/Src/main.c:153:11: warning: unused variable 'Status' [-Wunused-variable]
   uint8_t Status;
           ^
MOTENV1/Src/sensor_service.c: In function 'Environmental_Update':
MOTENV1/Src/sensor_service.c:178:11: warning: variable 'buff_Tick' set but not used [-Wunused-but-set-variable]
   uint8_t buff_Tick[2];
           ^
MOTENV1/Src/sensor_service.c: At top level:
MOTENV1/Src/sensor_service.c:32:17: warning: 'PressionCharHandle' defined but not used [-Wunused-variable]
 static uint16_t PressionCharHandle;
                 ^
MOTENV1/Src/sensor_service.c:36:17: warning: 'ConsoleW2STHandle' defined but not used [-Wunused-variable]
 static uint16_t ConsoleW2STHandle;
                 ^
MOTENV1/Src/sensor_service.c:39:16: warning: 'LastStderrBuffer' defined but not used [-Wunused-variable]
 static uint8_t LastStderrBuffer[W2ST_CONSOLE_MAX_CHAR_LEN];
                ^
MOTENV1/Src/sensor_service.c:40:16: warning: 'LastStderrLen' defined but not used [-Wunused-variable]
 static uint8_t LastStderrLen;
                ^
Middlewares/ST/STM32_BlueNRG/SimpleBlueNRG_HCI/hci/controller/bluenrg_gap_aci.c: In function 'aci_gap_set_limited_discoverable':
Middlewares/ST/STM32_BlueNRG/SimpleBlueNRG_HCI/hci/controller/bluenrg_gap_aci.c:123:40: warning: comparison between signed and unsigned integer expressions [-Wsign-compare]
   if ((LocalNameLen+ServiceUUIDLen+14) > sizeof(buffer))
                                        ^
Middlewares/ST/STM32_BlueNRG/SimpleBlueNRG_HCI/hci/controller/bluenrg_gap_aci.c: In function 'aci_gap_set_discoverable':
Middlewares/ST/STM32_BlueNRG/SimpleBlueNRG_HCI/hci/controller/bluenrg_gap_aci.c:186:40: warning: comparison between signed and unsigned integer expressions [-Wsign-compare]
   if ((LocalNameLen+ServiceUUIDLen+14) > sizeof(buffer))
                                        ^
Middlewares/ST/STM32_BlueNRG/SimpleBlueNRG_HCI/hci/controller/bluenrg_gap_aci.c: In function 'aci_gap_resolve_private_address_IDB05A1':
Middlewares/ST/STM32_BlueNRG/SimpleBlueNRG_HCI/hci/controller/bluenrg_gap_aci.c:1175:49: warning: 'sizeof' on array function parameter 'actual_address' will return size of 'uint8_t * {aka unsigned char *}' [-Wsizeof-array-argument]
   Osal_MemCpy(actual_address, rp.address, sizeof(actual_address));  
                                                 ^
Middlewares/ST/STM32_BlueNRG/SimpleBlueNRG_HCI/hci/controller/bluenrg_gap_aci.c:1153:91: note: declared here
 tBleStatus aci_gap_resolve_private_address_IDB05A1(const tBDAddr private_address, tBDAddr actual_address)
                                                                                           ^
Middlewares/ST/STM32_BlueNRG/SimpleBlueNRG_HCI/hci/controller/bluenrg_hal_aci.c: In function 'aci_hal_get_link_status':
Middlewares/ST/STM32_BlueNRG/SimpleBlueNRG_HCI/hci/controller/bluenrg_hal_aci.c:235:48: warning: 'sizeof' on array function parameter 'link_status' will return size of 'uint8_t * {aka unsigned char *}' [-Wsizeof-array-argument]
   Osal_MemCpy(link_status,rp.link_status,sizeof(link_status));
                                                ^
Middlewares/ST/STM32_BlueNRG/SimpleBlueNRG_HCI/hci/controller/bluenrg_hal_aci.c:218:44: note: declared here
 tBleStatus aci_hal_get_link_status(uint8_t link_status[8], uint16_t conn_handle[8])
                                            ^
Middlewares/ST/STM32_BlueNRG/SimpleBlueNRG_HCI/hci/controller/bluenrg_IFR.c:357:2: warning: #warning BLUENRG_CONFIG not valid [-Wcpp]
 #warning BLUENRG_CONFIG not valid
  ^
Middlewares/ST/STM32_BlueNRG/SimpleBlueNRG_HCI/hci/controller/bluenrg_utils.c: In function 'program_device':
Middlewares/ST/STM32_BlueNRG/SimpleBlueNRG_HCI/hci/controller/bluenrg_utils.c:102:3: warning: implicit declaration of function 'BlueNRG_HW_Bootloader' [-Wimplicit-function-declaration]
   BlueNRG_HW_Bootloader();
   ^
Middlewares/ST/STM32_BlueNRG/SimpleBlueNRG_HCI/hci/controller/bluenrg_utils.c:146:20: warning: comparison between signed and unsigned integer expressions [-Wsign-compare]
       for (j=i; ((j<SECTOR_SIZE+i)&&(j<fw_size)); j += data_size) {
                    ^
Middlewares/ST/STM32_BlueNRG/SimpleBlueNRG_HCI/hci/controller/bluenrg_utils.c:183:3: warning: implicit declaration of function 'BlueNRG_RST' [-Wimplicit-function-declaration]
   BlueNRG_RST();
   ^
/local/sdk_elec/gcc-arm-none-eabi-5_2-2015q4/bin/arm-none-eabi-objcopy -O ihex template.elf   template.hex
/local/sdk_elec/gcc-arm-none-eabi-5_2-2015q4/bin/arm-none-eabi-objcopy -O binary template.elf template.bin
15:26:08 **** Incremental Build of configuration Default for project stm32f411_base ****
make all 
make: Nothing to be done for 'all'.
15:32:44 **** Incremental Build of configuration Default for project stm32f411_base ****
make all 
/local/sdk_elec/gcc-arm-none-eabi-5_2-2015q4/bin/arm-none-eabi-gcc -IMOTENV1/Inc/ -IDrivers/STM32F4xx_HAL_Driver/Inc/ -IDrivers/CMSIS/Device/ST/STM32F4xx/Include/ -IDrivers/CMSIS/Include/ -IDrivers/BSP/STM32F4xx-Nucleo/ -IDrivers/BSP/X-NUCLEO-IDB04A1 -IMiddlewares/ST/STM32_BlueNRG/SimpleBlueNRG_HCI/includes -IMiddlewares/ST/STM32_BlueNRG/Interface -IDrivers/BSP/X-NUCLEO-IDB0xA1 -IDrivers/BSP/X_NUCLEO_IKS01A1 -IDrivers/BSP/X_NUCLEO_IKS01A2 -IMiddlewares/ST/STM32_MetaDataManager -IMiddlewares/ST/STM32_MotionAR_Library/Inc -IMiddlewares/ST/STM32_MotionCP_Library/Inc -IMiddlewares/ST/STM32_MotionFX_Library/Inc -IMiddlewares/ST/STM32_MotionGR_Library/Inc -IMiddlewares/ST/STM32_MotionID_Library/Inc -IMiddlewares/ST/STM32_MotionPM_Library/Inc -IDrivers/BSP/Components/Common -IDrivers/BSP/Components/hts221 -IDrivers/BSP/Components/lis3mdl -IDrivers/BSP/Components/lps22hb -IDrivers/BSP/Components/lps25hb -IDrivers/BSP/Components/lsm303agr -IDrivers/BSP/Components/lsm6ds0 -IDrivers/BSP/Components/lsm6ds3 -IDrivers/BSP/Components/lsm6dsl -IDrivers/BSP/Components/lsm6dsm -IDrivers/BSP/Components/stc3115 -IDrivers/BSP/X_NUCLEO_IKS01A1 -IDrivers/BSP/X_NUCLEO_IKS01A2 -DSTM32F411xE -ggdb -O0 -D ARM_MATH_CM4 -L  -mlittle-endian -mthumb -mcpu=cortex-m4 -mthumb-interwork -Wl,--gc-sections -mfpu=fpv4-sp-d16 -mfloat-abi=hard -fsingle-precision-constant -Wall -Wextra -Warray-bounds -Wno-unused-parameter -TDevice/gcc.ld -mfloat-abi=hard -lc -lgcc -lgcov -lm -Wl,-Map=template.elf.map Drivers/STM32F4xx_HAL_Driver/Src/stm32f4xx_hal.c Drivers/STM32F4xx_HAL_Driver/Src/stm32f4xx_hal_rcc.c Drivers/STM32F4xx_HAL_Driver/Src/stm32f4xx_hal_gpio.c Drivers/STM32F4xx_HAL_Driver/Src/stm32f4xx_hal_cortex.c Drivers/STM32F4xx_HAL_Driver/Src/stm32f4xx_hal_pcd.c Drivers/STM32F4xx_HAL_Driver/Src/stm32f4xx_hal_pcd_ex.c Drivers/STM32F4xx_HAL_Driver/Src/stm32f4xx_hal_uart.c Drivers/STM32F4xx_HAL_Driver/Src/stm32f4xx_hal_usart.c Drivers/STM32F4xx_HAL_Driver/Src/stm32f4xx_hal_spi.c Drivers/STM32F4xx_HAL_Driver/Src/stm32f4xx_hal_dma.c Drivers/STM32F4xx_HAL_Driver/Src/stm32f4xx_hal_dma_ex.c Drivers/STM32F4xx_HAL_Driver/Src/stm32f4xx_hal_adc.c Drivers/STM32F4xx_HAL_Driver/Src/stm32f4xx_hal_adc_ex.c Drivers/STM32F4xx_HAL_Driver/Src/stm32f4xx_hal_tim.c Drivers/STM32F4xx_HAL_Driver/Src/stm32f4xx_hal_tim_ex.c Drivers/STM32F4xx_HAL_Driver/Src/stm32f4xx_hal_crc.c Drivers/STM32F4xx_HAL_Driver/Src/stm32f4xx_hal_i2c.c Drivers/STM32F4xx_HAL_Driver/Src/stm32f4xx_hal_flash.c Drivers/STM32F4xx_HAL_Driver/Src/stm32f4xx_hal_flash_ex.c MOTENV1/Src/main.c Drivers/CMSIS/Device/ST/STM32F4xx/Source/Templates/gcc/startup_stm32f411xe.s Drivers/BSP/STM32F4xx-Nucleo/stm32f4xx_nucleo.c MOTENV1/Src/stm32f4xx_hal_msp.c MOTENV1/Src/stm32f4xx_it.c MOTENV1/Src/system_stm32f4xx.c MOTENV1/Src/sensor_service.c MOTENV1/Src/syscalls.c MOTENV1/Src/TargetPlatform.c MOTENV1/Src/drv_uart.c Drivers/BSP/X-NUCLEO-IDB04A1/stm32_bluenrg_ble.c Middlewares/ST/STM32_BlueNRG/SimpleBlueNRG_HCI/hci/hci.c Middlewares/ST/STM32_BlueNRG/SimpleBlueNRG_HCI/hci/controller/bluenrg_gap_aci.c Middlewares/ST/STM32_BlueNRG/SimpleBlueNRG_HCI/hci/controller/bluenrg_gatt_aci.c Middlewares/ST/STM32_BlueNRG/SimpleBlueNRG_HCI/hci/controller/bluenrg_hal_aci.c Middlewares/ST/STM32_BlueNRG/SimpleBlueNRG_HCI/hci/controller/bluenrg_IFR.c Middlewares/ST/STM32_BlueNRG/SimpleBlueNRG_HCI/hci/controller/bluenrg_l2cap_aci.c Middlewares/ST/STM32_BlueNRG/SimpleBlueNRG_HCI/hci/controller/bluenrg_updater_aci.c Middlewares/ST/STM32_BlueNRG/SimpleBlueNRG_HCI/hci/controller/bluenrg_utils.c Middlewares/ST/STM32_BlueNRG/SimpleBlueNRG_HCI/utils/ble_list.c Middlewares/ST/STM32_BlueNRG/SimpleBlueNRG_HCI/utils/gp_timer.c Middlewares/ST/STM32_BlueNRG/SimpleBlueNRG_HCI/utils/osal.c Drivers/BSP/STM32F4xx-Nucleo/stm32f4xx_I2C.c Drivers/BSP/STM32F4xx-Nucleo/stm32f4xx_SPI.c Drivers/BSP/X_NUCLEO_IKS01A1/x_nucleo_iks01a1_humidity.c Drivers/BSP/X_NUCLEO_IKS01A1/x_nucleo_iks01a1_temperature.c Drivers/BSP/X_NUCLEO_IKS01A1/x_nucleo_iks01a1_pressure.c Drivers/BSP/X_NUCLEO_IKS01A1/x_nucleo_iks01a1.c Drivers/BSP/X_NUCLEO_IKS01A2/x_nucleo_iks01a2_humidity.c Drivers/BSP/X_NUCLEO_IKS01A2/x_nucleo_iks01a2_temperature.c Drivers/BSP/X_NUCLEO_IKS01A2/x_nucleo_iks01a2_pressure.c Drivers/BSP/X_NUCLEO_IKS01A2/x_nucleo_iks01a2.c Drivers/BSP/Components/hts221/HTS221_Driver_HL.c Drivers/BSP/Components/hts221/HTS221_Driver.c Drivers/BSP/Components/lps22hb/LPS22HB_Driver_HL.c Drivers/BSP/Components/lps22hb/LPS22HB_Driver.c Drivers/BSP/Components/lps25hb/LPS25HB_Driver_HL.c Drivers/BSP/Components/lps25hb/LPS25HB_Driver.c -o template.elf
MOTENV1/Src/main.c: In function 'main':
MOTENV1/Src/main.c:94:6: warning: implicit declaration of function 'setConnectable_2' [-Wimplicit-function-declaration]
      setConnectable_2();
      ^
MOTENV1/Src/main.c: In function 'SendEnvironmentalData':
MOTENV1/Src/main.c:153:11: warning: unused variable 'Status' [-Wunused-variable]
   uint8_t Status;
           ^
MOTENV1/Src/sensor_service.c: In function 'Environmental_Update':
MOTENV1/Src/sensor_service.c:178:11: warning: variable 'buff_Tick' set but not used [-Wunused-but-set-variable]
   uint8_t buff_Tick[2];
           ^
MOTENV1/Src/sensor_service.c: At top level:
MOTENV1/Src/sensor_service.c:32:17: warning: 'PressionCharHandle' defined but not used [-Wunused-variable]
 static uint16_t PressionCharHandle;
                 ^
MOTENV1/Src/sensor_service.c:36:17: warning: 'ConsoleW2STHandle' defined but not used [-Wunused-variable]
 static uint16_t ConsoleW2STHandle;
                 ^
MOTENV1/Src/sensor_service.c:39:16: warning: 'LastStderrBuffer' defined but not used [-Wunused-variable]
 static uint8_t LastStderrBuffer[W2ST_CONSOLE_MAX_CHAR_LEN];
                ^
MOTENV1/Src/sensor_service.c:40:16: warning: 'LastStderrLen' defined but not used [-Wunused-variable]
 static uint8_t LastStderrLen;
                ^
Middlewares/ST/STM32_BlueNRG/SimpleBlueNRG_HCI/hci/controller/bluenrg_gap_aci.c: In function 'aci_gap_set_limited_discoverable':
Middlewares/ST/STM32_BlueNRG/SimpleBlueNRG_HCI/hci/controller/bluenrg_gap_aci.c:123:40: warning: comparison between signed and unsigned integer expressions [-Wsign-compare]
   if ((LocalNameLen+ServiceUUIDLen+14) > sizeof(buffer))
                                        ^
Middlewares/ST/STM32_BlueNRG/SimpleBlueNRG_HCI/hci/controller/bluenrg_gap_aci.c: In function 'aci_gap_set_discoverable':
Middlewares/ST/STM32_BlueNRG/SimpleBlueNRG_HCI/hci/controller/bluenrg_gap_aci.c:186:40: warning: comparison between signed and unsigned integer expressions [-Wsign-compare]
   if ((LocalNameLen+ServiceUUIDLen+14) > sizeof(buffer))
                                        ^
Middlewares/ST/STM32_BlueNRG/SimpleBlueNRG_HCI/hci/controller/bluenrg_gap_aci.c: In function 'aci_gap_resolve_private_address_IDB05A1':
Middlewares/ST/STM32_BlueNRG/SimpleBlueNRG_HCI/hci/controller/bluenrg_gap_aci.c:1175:49: warning: 'sizeof' on array function parameter 'actual_address' will return size of 'uint8_t * {aka unsigned char *}' [-Wsizeof-array-argument]
   Osal_MemCpy(actual_address, rp.address, sizeof(actual_address));  
                                                 ^
Middlewares/ST/STM32_BlueNRG/SimpleBlueNRG_HCI/hci/controller/bluenrg_gap_aci.c:1153:91: note: declared here
 tBleStatus aci_gap_resolve_private_address_IDB05A1(const tBDAddr private_address, tBDAddr actual_address)
                                                                                           ^
Middlewares/ST/STM32_BlueNRG/SimpleBlueNRG_HCI/hci/controller/bluenrg_hal_aci.c: In function 'aci_hal_get_link_status':
Middlewares/ST/STM32_BlueNRG/SimpleBlueNRG_HCI/hci/controller/bluenrg_hal_aci.c:235:48: warning: 'sizeof' on array function parameter 'link_status' will return size of 'uint8_t * {aka unsigned char *}' [-Wsizeof-array-argument]
   Osal_MemCpy(link_status,rp.link_status,sizeof(link_status));
                                                ^
Middlewares/ST/STM32_BlueNRG/SimpleBlueNRG_HCI/hci/controller/bluenrg_hal_aci.c:218:44: note: declared here
 tBleStatus aci_hal_get_link_status(uint8_t link_status[8], uint16_t conn_handle[8])
                                            ^
Middlewares/ST/STM32_BlueNRG/SimpleBlueNRG_HCI/hci/controller/bluenrg_IFR.c:357:2: warning: #warning BLUENRG_CONFIG not valid [-Wcpp]
 #warning BLUENRG_CONFIG not valid
  ^
Middlewares/ST/STM32_BlueNRG/SimpleBlueNRG_HCI/hci/controller/bluenrg_utils.c: In function 'program_device':
Middlewares/ST/STM32_BlueNRG/SimpleBlueNRG_HCI/hci/controller/bluenrg_utils.c:102:3: warning: implicit declaration of function 'BlueNRG_HW_Bootloader' [-Wimplicit-function-declaration]
   BlueNRG_HW_Bootloader();
   ^
Middlewares/ST/STM32_BlueNRG/SimpleBlueNRG_HCI/hci/controller/bluenrg_utils.c:146:20: warning: comparison between signed and unsigned integer expressions [-Wsign-compare]
       for (j=i; ((j<SECTOR_SIZE+i)&&(j<fw_size)); j += data_size) {
                    ^
Middlewares/ST/STM32_BlueNRG/SimpleBlueNRG_HCI/hci/controller/bluenrg_utils.c:183:3: warning: implicit declaration of function 'BlueNRG_RST' [-Wimplicit-function-declaration]
   BlueNRG_RST();
   ^
/local/sdk_elec/gcc-arm-none-eabi-5_2-2015q4/bin/arm-none-eabi-objcopy -O ihex template.elf   template.hex
/local/sdk_elec/gcc-arm-none-eabi-5_2-2015q4/bin/arm-none-eabi-objcopy -O binary template.elf template.bin
15:35:14 **** Incremental Build of configuration Default for project stm32f411_base ****
make all 
/local/sdk_elec/gcc-arm-none-eabi-5_2-2015q4/bin/arm-none-eabi-gcc -IMOTENV1/Inc/ -IDrivers/STM32F4xx_HAL_Driver/Inc/ -IDrivers/CMSIS/Device/ST/STM32F4xx/Include/ -IDrivers/CMSIS/Include/ -IDrivers/BSP/STM32F4xx-Nucleo/ -IDrivers/BSP/X-NUCLEO-IDB04A1 -IMiddlewares/ST/STM32_BlueNRG/SimpleBlueNRG_HCI/includes -IMiddlewares/ST/STM32_BlueNRG/Interface -IDrivers/BSP/X-NUCLEO-IDB0xA1 -IDrivers/BSP/X_NUCLEO_IKS01A1 -IDrivers/BSP/X_NUCLEO_IKS01A2 -IMiddlewares/ST/STM32_MetaDataManager -IMiddlewares/ST/STM32_MotionAR_Library/Inc -IMiddlewares/ST/STM32_MotionCP_Library/Inc -IMiddlewares/ST/STM32_MotionFX_Library/Inc -IMiddlewares/ST/STM32_MotionGR_Library/Inc -IMiddlewares/ST/STM32_MotionID_Library/Inc -IMiddlewares/ST/STM32_MotionPM_Library/Inc -IDrivers/BSP/Components/Common -IDrivers/BSP/Components/hts221 -IDrivers/BSP/Components/lis3mdl -IDrivers/BSP/Components/lps22hb -IDrivers/BSP/Components/lps25hb -IDrivers/BSP/Components/lsm303agr -IDrivers/BSP/Components/lsm6ds0 -IDrivers/BSP/Components/lsm6ds3 -IDrivers/BSP/Components/lsm6dsl -IDrivers/BSP/Components/lsm6dsm -IDrivers/BSP/Components/stc3115 -IDrivers/BSP/X_NUCLEO_IKS01A1 -IDrivers/BSP/X_NUCLEO_IKS01A2 -DSTM32F411xE -ggdb -O0 -D ARM_MATH_CM4 -L  -mlittle-endian -mthumb -mcpu=cortex-m4 -mthumb-interwork -Wl,--gc-sections -mfpu=fpv4-sp-d16 -mfloat-abi=hard -fsingle-precision-constant -Wall -Wextra -Warray-bounds -Wno-unused-parameter -TDevice/gcc.ld -mfloat-abi=hard -lc -lgcc -lgcov -lm -Wl,-Map=template.elf.map Drivers/STM32F4xx_HAL_Driver/Src/stm32f4xx_hal.c Drivers/STM32F4xx_HAL_Driver/Src/stm32f4xx_hal_rcc.c Drivers/STM32F4xx_HAL_Driver/Src/stm32f4xx_hal_gpio.c Drivers/STM32F4xx_HAL_Driver/Src/stm32f4xx_hal_cortex.c Drivers/STM32F4xx_HAL_Driver/Src/stm32f4xx_hal_pcd.c Drivers/STM32F4xx_HAL_Driver/Src/stm32f4xx_hal_pcd_ex.c Drivers/STM32F4xx_HAL_Driver/Src/stm32f4xx_hal_uart.c Drivers/STM32F4xx_HAL_Driver/Src/stm32f4xx_hal_usart.c Drivers/STM32F4xx_HAL_Driver/Src/stm32f4xx_hal_spi.c Drivers/STM32F4xx_HAL_Driver/Src/stm32f4xx_hal_dma.c Drivers/STM32F4xx_HAL_Driver/Src/stm32f4xx_hal_dma_ex.c Drivers/STM32F4xx_HAL_Driver/Src/stm32f4xx_hal_adc.c Drivers/STM32F4xx_HAL_Driver/Src/stm32f4xx_hal_adc_ex.c Drivers/STM32F4xx_HAL_Driver/Src/stm32f4xx_hal_tim.c Drivers/STM32F4xx_HAL_Driver/Src/stm32f4xx_hal_tim_ex.c Drivers/STM32F4xx_HAL_Driver/Src/stm32f4xx_hal_crc.c Drivers/STM32F4xx_HAL_Driver/Src/stm32f4xx_hal_i2c.c Drivers/STM32F4xx_HAL_Driver/Src/stm32f4xx_hal_flash.c Drivers/STM32F4xx_HAL_Driver/Src/stm32f4xx_hal_flash_ex.c MOTENV1/Src/main.c Drivers/CMSIS/Device/ST/STM32F4xx/Source/Templates/gcc/startup_stm32f411xe.s Drivers/BSP/STM32F4xx-Nucleo/stm32f4xx_nucleo.c MOTENV1/Src/stm32f4xx_hal_msp.c MOTENV1/Src/stm32f4xx_it.c MOTENV1/Src/system_stm32f4xx.c MOTENV1/Src/sensor_service.c MOTENV1/Src/syscalls.c MOTENV1/Src/TargetPlatform.c MOTENV1/Src/drv_uart.c Drivers/BSP/X-NUCLEO-IDB04A1/stm32_bluenrg_ble.c Middlewares/ST/STM32_BlueNRG/SimpleBlueNRG_HCI/hci/hci.c Middlewares/ST/STM32_BlueNRG/SimpleBlueNRG_HCI/hci/controller/bluenrg_gap_aci.c Middlewares/ST/STM32_BlueNRG/SimpleBlueNRG_HCI/hci/controller/bluenrg_gatt_aci.c Middlewares/ST/STM32_BlueNRG/SimpleBlueNRG_HCI/hci/controller/bluenrg_hal_aci.c Middlewares/ST/STM32_BlueNRG/SimpleBlueNRG_HCI/hci/controller/bluenrg_IFR.c Middlewares/ST/STM32_BlueNRG/SimpleBlueNRG_HCI/hci/controller/bluenrg_l2cap_aci.c Middlewares/ST/STM32_BlueNRG/SimpleBlueNRG_HCI/hci/controller/bluenrg_updater_aci.c Middlewares/ST/STM32_BlueNRG/SimpleBlueNRG_HCI/hci/controller/bluenrg_utils.c Middlewares/ST/STM32_BlueNRG/SimpleBlueNRG_HCI/utils/ble_list.c Middlewares/ST/STM32_BlueNRG/SimpleBlueNRG_HCI/utils/gp_timer.c Middlewares/ST/STM32_BlueNRG/SimpleBlueNRG_HCI/utils/osal.c Drivers/BSP/STM32F4xx-Nucleo/stm32f4xx_I2C.c Drivers/BSP/STM32F4xx-Nucleo/stm32f4xx_SPI.c Drivers/BSP/X_NUCLEO_IKS01A1/x_nucleo_iks01a1_humidity.c Drivers/BSP/X_NUCLEO_IKS01A1/x_nucleo_iks01a1_temperature.c Drivers/BSP/X_NUCLEO_IKS01A1/x_nucleo_iks01a1_pressure.c Drivers/BSP/X_NUCLEO_IKS01A1/x_nucleo_iks01a1.c Drivers/BSP/X_NUCLEO_IKS01A2/x_nucleo_iks01a2_humidity.c Drivers/BSP/X_NUCLEO_IKS01A2/x_nucleo_iks01a2_temperature.c Drivers/BSP/X_NUCLEO_IKS01A2/x_nucleo_iks01a2_pressure.c Drivers/BSP/X_NUCLEO_IKS01A2/x_nucleo_iks01a2.c Drivers/BSP/Components/hts221/HTS221_Driver_HL.c Drivers/BSP/Components/hts221/HTS221_Driver.c Drivers/BSP/Components/lps22hb/LPS22HB_Driver_HL.c Drivers/BSP/Components/lps22hb/LPS22HB_Driver.c Drivers/BSP/Components/lps25hb/LPS25HB_Driver_HL.c Drivers/BSP/Components/lps25hb/LPS25HB_Driver.c -o template.elf
MOTENV1/Src/main.c: In function 'main':
MOTENV1/Src/main.c:94:6: warning: implicit declaration of function 'setConnectable_2' [-Wimplicit-function-declaration]
      setConnectable_2();
      ^
MOTENV1/Src/main.c: In function 'SendEnvironmentalData':
MOTENV1/Src/main.c:153:11: warning: unused variable 'Status' [-Wunused-variable]
   uint8_t Status;
           ^
MOTENV1/Src/sensor_service.c: In function 'Environmental_Update':
MOTENV1/Src/sensor_service.c:178:11: warning: variable 'buff_Tick' set but not used [-Wunused-but-set-variable]
   uint8_t buff_Tick[2];
           ^
MOTENV1/Src/sensor_service.c: At top level:
MOTENV1/Src/sensor_service.c:32:17: warning: 'PressionCharHandle' defined but not used [-Wunused-variable]
 static uint16_t PressionCharHandle;
                 ^
MOTENV1/Src/sensor_service.c:36:17: warning: 'ConsoleW2STHandle' defined but not used [-Wunused-variable]
 static uint16_t ConsoleW2STHandle;
                 ^
MOTENV1/Src/sensor_service.c:39:16: warning: 'LastStderrBuffer' defined but not used [-Wunused-variable]
 static uint8_t LastStderrBuffer[W2ST_CONSOLE_MAX_CHAR_LEN];
                ^
MOTENV1/Src/sensor_service.c:40:16: warning: 'LastStderrLen' defined but not used [-Wunused-variable]
 static uint8_t LastStderrLen;
                ^
Middlewares/ST/STM32_BlueNRG/SimpleBlueNRG_HCI/hci/controller/bluenrg_gap_aci.c: In function 'aci_gap_set_limited_discoverable':
Middlewares/ST/STM32_BlueNRG/SimpleBlueNRG_HCI/hci/controller/bluenrg_gap_aci.c:123:40: warning: comparison between signed and unsigned integer expressions [-Wsign-compare]
   if ((LocalNameLen+ServiceUUIDLen+14) > sizeof(buffer))
                                        ^
Middlewares/ST/STM32_BlueNRG/SimpleBlueNRG_HCI/hci/controller/bluenrg_gap_aci.c: In function 'aci_gap_set_discoverable':
Middlewares/ST/STM32_BlueNRG/SimpleBlueNRG_HCI/hci/controller/bluenrg_gap_aci.c:186:40: warning: comparison between signed and unsigned integer expressions [-Wsign-compare]
   if ((LocalNameLen+ServiceUUIDLen+14) > sizeof(buffer))
                                        ^
Middlewares/ST/STM32_BlueNRG/SimpleBlueNRG_HCI/hci/controller/bluenrg_gap_aci.c: In function 'aci_gap_resolve_private_address_IDB05A1':
Middlewares/ST/STM32_BlueNRG/SimpleBlueNRG_HCI/hci/controller/bluenrg_gap_aci.c:1175:49: warning: 'sizeof' on array function parameter 'actual_address' will return size of 'uint8_t * {aka unsigned char *}' [-Wsizeof-array-argument]
   Osal_MemCpy(actual_address, rp.address, sizeof(actual_address));  
                                                 ^
Middlewares/ST/STM32_BlueNRG/SimpleBlueNRG_HCI/hci/controller/bluenrg_gap_aci.c:1153:91: note: declared here
 tBleStatus aci_gap_resolve_private_address_IDB05A1(const tBDAddr private_address, tBDAddr actual_address)
                                                                                           ^
Middlewares/ST/STM32_BlueNRG/SimpleBlueNRG_HCI/hci/controller/bluenrg_hal_aci.c: In function 'aci_hal_get_link_status':
Middlewares/ST/STM32_BlueNRG/SimpleBlueNRG_HCI/hci/controller/bluenrg_hal_aci.c:235:48: warning: 'sizeof' on array function parameter 'link_status' will return size of 'uint8_t * {aka unsigned char *}' [-Wsizeof-array-argument]
   Osal_MemCpy(link_status,rp.link_status,sizeof(link_status));
                                                ^
Middlewares/ST/STM32_BlueNRG/SimpleBlueNRG_HCI/hci/controller/bluenrg_hal_aci.c:218:44: note: declared here
 tBleStatus aci_hal_get_link_status(uint8_t link_status[8], uint16_t conn_handle[8])
                                            ^
Middlewares/ST/STM32_BlueNRG/SimpleBlueNRG_HCI/hci/controller/bluenrg_IFR.c:357:2: warning: #warning BLUENRG_CONFIG not valid [-Wcpp]
 #warning BLUENRG_CONFIG not valid
  ^
Middlewares/ST/STM32_BlueNRG/SimpleBlueNRG_HCI/hci/controller/bluenrg_utils.c: In function 'program_device':
Middlewares/ST/STM32_BlueNRG/SimpleBlueNRG_HCI/hci/controller/bluenrg_utils.c:102:3: warning: implicit declaration of function 'BlueNRG_HW_Bootloader' [-Wimplicit-function-declaration]
   BlueNRG_HW_Bootloader();
   ^
Middlewares/ST/STM32_BlueNRG/SimpleBlueNRG_HCI/hci/controller/bluenrg_utils.c:146:20: warning: comparison between signed and unsigned integer expressions [-Wsign-compare]
       for (j=i; ((j<SECTOR_SIZE+i)&&(j<fw_size)); j += data_size) {
                    ^
Middlewares/ST/STM32_BlueNRG/SimpleBlueNRG_HCI/hci/controller/bluenrg_utils.c:183:3: warning: implicit declaration of function 'BlueNRG_RST' [-Wimplicit-function-declaration]
   BlueNRG_RST();
   ^
/local/sdk_elec/gcc-arm-none-eabi-5_2-2015q4/bin/arm-none-eabi-objcopy -O ihex template.elf   template.hex
/local/sdk_elec/gcc-arm-none-eabi-5_2-2015q4/bin/arm-none-eabi-objcopy -O binary template.elf template.bin
15:39:23 **** Incremental Build of configuration Default for project stm32f411_base ****
make all 
make: Nothing to be done for 'all'.
15:45:42 **** Incremental Build of configuration Default for project stm32f411_base ****
make all 
/local/sdk_elec/gcc-arm-none-eabi-5_2-2015q4/bin/arm-none-eabi-gcc -IMOTENV1/Inc/ -IDrivers/STM32F4xx_HAL_Driver/Inc/ -IDrivers/CMSIS/Device/ST/STM32F4xx/Include/ -IDrivers/CMSIS/Include/ -IDrivers/BSP/STM32F4xx-Nucleo/ -IDrivers/BSP/X-NUCLEO-IDB04A1 -IMiddlewares/ST/STM32_BlueNRG/SimpleBlueNRG_HCI/includes -IMiddlewares/ST/STM32_BlueNRG/Interface -IDrivers/BSP/X-NUCLEO-IDB0xA1 -IDrivers/BSP/X_NUCLEO_IKS01A1 -IDrivers/BSP/X_NUCLEO_IKS01A2 -IMiddlewares/ST/STM32_MetaDataManager -IMiddlewares/ST/STM32_MotionAR_Library/Inc -IMiddlewares/ST/STM32_MotionCP_Library/Inc -IMiddlewares/ST/STM32_MotionFX_Library/Inc -IMiddlewares/ST/STM32_MotionGR_Library/Inc -IMiddlewares/ST/STM32_MotionID_Library/Inc -IMiddlewares/ST/STM32_MotionPM_Library/Inc -IDrivers/BSP/Components/Common -IDrivers/BSP/Components/hts221 -IDrivers/BSP/Components/lis3mdl -IDrivers/BSP/Components/lps22hb -IDrivers/BSP/Components/lps25hb -IDrivers/BSP/Components/lsm303agr -IDrivers/BSP/Components/lsm6ds0 -IDrivers/BSP/Components/lsm6ds3 -IDrivers/BSP/Components/lsm6dsl -IDrivers/BSP/Components/lsm6dsm -IDrivers/BSP/Components/stc3115 -IDrivers/BSP/X_NUCLEO_IKS01A1 -IDrivers/BSP/X_NUCLEO_IKS01A2 -DSTM32F411xE -ggdb -O0 -D ARM_MATH_CM4 -L  -mlittle-endian -mthumb -mcpu=cortex-m4 -mthumb-interwork -Wl,--gc-sections -mfpu=fpv4-sp-d16 -mfloat-abi=hard -fsingle-precision-constant -Wall -Wextra -Warray-bounds -Wno-unused-parameter -TDevice/gcc.ld -mfloat-abi=hard -lc -lgcc -lgcov -lm -Wl,-Map=template.elf.map Drivers/STM32F4xx_HAL_Driver/Src/stm32f4xx_hal.c Drivers/STM32F4xx_HAL_Driver/Src/stm32f4xx_hal_rcc.c Drivers/STM32F4xx_HAL_Driver/Src/stm32f4xx_hal_gpio.c Drivers/STM32F4xx_HAL_Driver/Src/stm32f4xx_hal_cortex.c Drivers/STM32F4xx_HAL_Driver/Src/stm32f4xx_hal_pcd.c Drivers/STM32F4xx_HAL_Driver/Src/stm32f4xx_hal_pcd_ex.c Drivers/STM32F4xx_HAL_Driver/Src/stm32f4xx_hal_uart.c Drivers/STM32F4xx_HAL_Driver/Src/stm32f4xx_hal_usart.c Drivers/STM32F4xx_HAL_Driver/Src/stm32f4xx_hal_spi.c Drivers/STM32F4xx_HAL_Driver/Src/stm32f4xx_hal_dma.c Drivers/STM32F4xx_HAL_Driver/Src/stm32f4xx_hal_dma_ex.c Drivers/STM32F4xx_HAL_Driver/Src/stm32f4xx_hal_adc.c Drivers/STM32F4xx_HAL_Driver/Src/stm32f4xx_hal_adc_ex.c Drivers/STM32F4xx_HAL_Driver/Src/stm32f4xx_hal_tim.c Drivers/STM32F4xx_HAL_Driver/Src/stm32f4xx_hal_tim_ex.c Drivers/STM32F4xx_HAL_Driver/Src/stm32f4xx_hal_crc.c Drivers/STM32F4xx_HAL_Driver/Src/stm32f4xx_hal_i2c.c Drivers/STM32F4xx_HAL_Driver/Src/stm32f4xx_hal_flash.c Drivers/STM32F4xx_HAL_Driver/Src/stm32f4xx_hal_flash_ex.c MOTENV1/Src/main.c Drivers/CMSIS/Device/ST/STM32F4xx/Source/Templates/gcc/startup_stm32f411xe.s Drivers/BSP/STM32F4xx-Nucleo/stm32f4xx_nucleo.c MOTENV1/Src/stm32f4xx_hal_msp.c MOTENV1/Src/stm32f4xx_it.c MOTENV1/Src/system_stm32f4xx.c MOTENV1/Src/sensor_service.c MOTENV1/Src/syscalls.c MOTENV1/Src/TargetPlatform.c MOTENV1/Src/drv_uart.c Drivers/BSP/X-NUCLEO-IDB04A1/stm32_bluenrg_ble.c Middlewares/ST/STM32_BlueNRG/SimpleBlueNRG_HCI/hci/hci.c Middlewares/ST/STM32_BlueNRG/SimpleBlueNRG_HCI/hci/controller/bluenrg_gap_aci.c Middlewares/ST/STM32_BlueNRG/SimpleBlueNRG_HCI/hci/controller/bluenrg_gatt_aci.c Middlewares/ST/STM32_BlueNRG/SimpleBlueNRG_HCI/hci/controller/bluenrg_hal_aci.c Middlewares/ST/STM32_BlueNRG/SimpleBlueNRG_HCI/hci/controller/bluenrg_IFR.c Middlewares/ST/STM32_BlueNRG/SimpleBlueNRG_HCI/hci/controller/bluenrg_l2cap_aci.c Middlewares/ST/STM32_BlueNRG/SimpleBlueNRG_HCI/hci/controller/bluenrg_updater_aci.c Middlewares/ST/STM32_BlueNRG/SimpleBlueNRG_HCI/hci/controller/bluenrg_utils.c Middlewares/ST/STM32_BlueNRG/SimpleBlueNRG_HCI/utils/ble_list.c Middlewares/ST/STM32_BlueNRG/SimpleBlueNRG_HCI/utils/gp_timer.c Middlewares/ST/STM32_BlueNRG/SimpleBlueNRG_HCI/utils/osal.c Drivers/BSP/STM32F4xx-Nucleo/stm32f4xx_I2C.c Drivers/BSP/STM32F4xx-Nucleo/stm32f4xx_SPI.c Drivers/BSP/X_NUCLEO_IKS01A1/x_nucleo_iks01a1_humidity.c Drivers/BSP/X_NUCLEO_IKS01A1/x_nucleo_iks01a1_temperature.c Drivers/BSP/X_NUCLEO_IKS01A1/x_nucleo_iks01a1_pressure.c Drivers/BSP/X_NUCLEO_IKS01A1/x_nucleo_iks01a1.c Drivers/BSP/X_NUCLEO_IKS01A2/x_nucleo_iks01a2_humidity.c Drivers/BSP/X_NUCLEO_IKS01A2/x_nucleo_iks01a2_temperature.c Drivers/BSP/X_NUCLEO_IKS01A2/x_nucleo_iks01a2_pressure.c Drivers/BSP/X_NUCLEO_IKS01A2/x_nucleo_iks01a2.c Drivers/BSP/Components/hts221/HTS221_Driver_HL.c Drivers/BSP/Components/hts221/HTS221_Driver.c Drivers/BSP/Components/lps22hb/LPS22HB_Driver_HL.c Drivers/BSP/Components/lps22hb/LPS22HB_Driver.c Drivers/BSP/Components/lps25hb/LPS25HB_Driver_HL.c Drivers/BSP/Components/lps25hb/LPS25HB_Driver.c -o template.elf
MOTENV1/Src/main.c: In function 'main':
MOTENV1/Src/main.c:94:6: warning: implicit declaration of function 'setConnectable_2' [-Wimplicit-function-declaration]
      setConnectable_2();
      ^
MOTENV1/Src/main.c: In function 'SendEnvironmentalData':
MOTENV1/Src/main.c:153:11: warning: unused variable 'Status' [-Wunused-variable]
   uint8_t Status;
           ^
MOTENV1/Src/sensor_service.c: In function 'Environmental_Update':
MOTENV1/Src/sensor_service.c:178:11: warning: variable 'buff_Tick' set but not used [-Wunused-but-set-variable]
   uint8_t buff_Tick[2];
           ^
MOTENV1/Src/sensor_service.c: At top level:
MOTENV1/Src/sensor_service.c:32:17: warning: 'PressionCharHandle' defined but not used [-Wunused-variable]
 static uint16_t PressionCharHandle;
                 ^
MOTENV1/Src/sensor_service.c:36:17: warning: 'ConsoleW2STHandle' defined but not used [-Wunused-variable]
 static uint16_t ConsoleW2STHandle;
                 ^
MOTENV1/Src/sensor_service.c:39:16: warning: 'LastStderrBuffer' defined but not used [-Wunused-variable]
 static uint8_t LastStderrBuffer[W2ST_CONSOLE_MAX_CHAR_LEN];
                ^
MOTENV1/Src/sensor_service.c:40:16: warning: 'LastStderrLen' defined but not used [-Wunused-variable]
 static uint8_t LastStderrLen;
                ^
Middlewares/ST/STM32_BlueNRG/SimpleBlueNRG_HCI/hci/controller/bluenrg_gap_aci.c: In function 'aci_gap_set_limited_discoverable':
Middlewares/ST/STM32_BlueNRG/SimpleBlueNRG_HCI/hci/controller/bluenrg_gap_aci.c:123:40: warning: comparison between signed and unsigned integer expressions [-Wsign-compare]
   if ((LocalNameLen+ServiceUUIDLen+14) > sizeof(buffer))
                                        ^
Middlewares/ST/STM32_BlueNRG/SimpleBlueNRG_HCI/hci/controller/bluenrg_gap_aci.c: In function 'aci_gap_set_discoverable':
Middlewares/ST/STM32_BlueNRG/SimpleBlueNRG_HCI/hci/controller/bluenrg_gap_aci.c:186:40: warning: comparison between signed and unsigned integer expressions [-Wsign-compare]
   if ((LocalNameLen+ServiceUUIDLen+14) > sizeof(buffer))
                                        ^
Middlewares/ST/STM32_BlueNRG/SimpleBlueNRG_HCI/hci/controller/bluenrg_gap_aci.c: In function 'aci_gap_resolve_private_address_IDB05A1':
Middlewares/ST/STM32_BlueNRG/SimpleBlueNRG_HCI/hci/controller/bluenrg_gap_aci.c:1175:49: warning: 'sizeof' on array function parameter 'actual_address' will return size of 'uint8_t * {aka unsigned char *}' [-Wsizeof-array-argument]
   Osal_MemCpy(actual_address, rp.address, sizeof(actual_address));  
                                                 ^
Middlewares/ST/STM32_BlueNRG/SimpleBlueNRG_HCI/hci/controller/bluenrg_gap_aci.c:1153:91: note: declared here
 tBleStatus aci_gap_resolve_private_address_IDB05A1(const tBDAddr private_address, tBDAddr actual_address)
                                                                                           ^
Middlewares/ST/STM32_BlueNRG/SimpleBlueNRG_HCI/hci/controller/bluenrg_hal_aci.c: In function 'aci_hal_get_link_status':
Middlewares/ST/STM32_BlueNRG/SimpleBlueNRG_HCI/hci/controller/bluenrg_hal_aci.c:235:48: warning: 'sizeof' on array function parameter 'link_status' will return size of 'uint8_t * {aka unsigned char *}' [-Wsizeof-array-argument]
   Osal_MemCpy(link_status,rp.link_status,sizeof(link_status));
                                                ^
Middlewares/ST/STM32_BlueNRG/SimpleBlueNRG_HCI/hci/controller/bluenrg_hal_aci.c:218:44: note: declared here
 tBleStatus aci_hal_get_link_status(uint8_t link_status[8], uint16_t conn_handle[8])
                                            ^
Middlewares/ST/STM32_BlueNRG/SimpleBlueNRG_HCI/hci/controller/bluenrg_IFR.c:357:2: warning: #warning BLUENRG_CONFIG not valid [-Wcpp]
 #warning BLUENRG_CONFIG not valid
  ^
Middlewares/ST/STM32_BlueNRG/SimpleBlueNRG_HCI/hci/controller/bluenrg_utils.c: In function 'program_device':
Middlewares/ST/STM32_BlueNRG/SimpleBlueNRG_HCI/hci/controller/bluenrg_utils.c:102:3: warning: implicit declaration of function 'BlueNRG_HW_Bootloader' [-Wimplicit-function-declaration]
   BlueNRG_HW_Bootloader();
   ^
Middlewares/ST/STM32_BlueNRG/SimpleBlueNRG_HCI/hci/controller/bluenrg_utils.c:146:20: warning: comparison between signed and unsigned integer expressions [-Wsign-compare]
       for (j=i; ((j<SECTOR_SIZE+i)&&(j<fw_size)); j += data_size) {
                    ^
Middlewares/ST/STM32_BlueNRG/SimpleBlueNRG_HCI/hci/controller/bluenrg_utils.c:183:3: warning: implicit declaration of function 'BlueNRG_RST' [-Wimplicit-function-declaration]
   BlueNRG_RST();
   ^
/local/sdk_elec/gcc-arm-none-eabi-5_2-2015q4/bin/arm-none-eabi-objcopy -O ihex template.elf   template.hex
/local/sdk_elec/gcc-arm-none-eabi-5_2-2015q4/bin/arm-none-eabi-objcopy -O binary template.elf template.bin
15:45:56 **** Incremental Build of configuration Default for project stm32f411_base ****
make all 
/local/sdk_elec/gcc-arm-none-eabi-5_2-2015q4/bin/arm-none-eabi-gcc -IMOTENV1/Inc/ -IDrivers/STM32F4xx_HAL_Driver/Inc/ -IDrivers/CMSIS/Device/ST/STM32F4xx/Include/ -IDrivers/CMSIS/Include/ -IDrivers/BSP/STM32F4xx-Nucleo/ -IDrivers/BSP/X-NUCLEO-IDB04A1 -IMiddlewares/ST/STM32_BlueNRG/SimpleBlueNRG_HCI/includes -IMiddlewares/ST/STM32_BlueNRG/Interface -IDrivers/BSP/X-NUCLEO-IDB0xA1 -IDrivers/BSP/X_NUCLEO_IKS01A1 -IDrivers/BSP/X_NUCLEO_IKS01A2 -IMiddlewares/ST/STM32_MetaDataManager -IMiddlewares/ST/STM32_MotionAR_Library/Inc -IMiddlewares/ST/STM32_MotionCP_Library/Inc -IMiddlewares/ST/STM32_MotionFX_Library/Inc -IMiddlewares/ST/STM32_MotionGR_Library/Inc -IMiddlewares/ST/STM32_MotionID_Library/Inc -IMiddlewares/ST/STM32_MotionPM_Library/Inc -IDrivers/BSP/Components/Common -IDrivers/BSP/Components/hts221 -IDrivers/BSP/Components/lis3mdl -IDrivers/BSP/Components/lps22hb -IDrivers/BSP/Components/lps25hb -IDrivers/BSP/Components/lsm303agr -IDrivers/BSP/Components/lsm6ds0 -IDrivers/BSP/Components/lsm6ds3 -IDrivers/BSP/Components/lsm6dsl -IDrivers/BSP/Components/lsm6dsm -IDrivers/BSP/Components/stc3115 -IDrivers/BSP/X_NUCLEO_IKS01A1 -IDrivers/BSP/X_NUCLEO_IKS01A2 -DSTM32F411xE -ggdb -O0 -D ARM_MATH_CM4 -L  -mlittle-endian -mthumb -mcpu=cortex-m4 -mthumb-interwork -Wl,--gc-sections -mfpu=fpv4-sp-d16 -mfloat-abi=hard -fsingle-precision-constant -Wall -Wextra -Warray-bounds -Wno-unused-parameter -TDevice/gcc.ld -mfloat-abi=hard -lc -lgcc -lgcov -lm -Wl,-Map=template.elf.map Drivers/STM32F4xx_HAL_Driver/Src/stm32f4xx_hal.c Drivers/STM32F4xx_HAL_Driver/Src/stm32f4xx_hal_rcc.c Drivers/STM32F4xx_HAL_Driver/Src/stm32f4xx_hal_gpio.c Drivers/STM32F4xx_HAL_Driver/Src/stm32f4xx_hal_cortex.c Drivers/STM32F4xx_HAL_Driver/Src/stm32f4xx_hal_pcd.c Drivers/STM32F4xx_HAL_Driver/Src/stm32f4xx_hal_pcd_ex.c Drivers/STM32F4xx_HAL_Driver/Src/stm32f4xx_hal_uart.c Drivers/STM32F4xx_HAL_Driver/Src/stm32f4xx_hal_usart.c Drivers/STM32F4xx_HAL_Driver/Src/stm32f4xx_hal_spi.c Drivers/STM32F4xx_HAL_Driver/Src/stm32f4xx_hal_dma.c Drivers/STM32F4xx_HAL_Driver/Src/stm32f4xx_hal_dma_ex.c Drivers/STM32F4xx_HAL_Driver/Src/stm32f4xx_hal_adc.c Drivers/STM32F4xx_HAL_Driver/Src/stm32f4xx_hal_adc_ex.c Drivers/STM32F4xx_HAL_Driver/Src/stm32f4xx_hal_tim.c Drivers/STM32F4xx_HAL_Driver/Src/stm32f4xx_hal_tim_ex.c Drivers/STM32F4xx_HAL_Driver/Src/stm32f4xx_hal_crc.c Drivers/STM32F4xx_HAL_Driver/Src/stm32f4xx_hal_i2c.c Drivers/STM32F4xx_HAL_Driver/Src/stm32f4xx_hal_flash.c Drivers/STM32F4xx_HAL_Driver/Src/stm32f4xx_hal_flash_ex.c MOTENV1/Src/main.c Drivers/CMSIS/Device/ST/STM32F4xx/Source/Templates/gcc/startup_stm32f411xe.s Drivers/BSP/STM32F4xx-Nucleo/stm32f4xx_nucleo.c MOTENV1/Src/stm32f4xx_hal_msp.c MOTENV1/Src/stm32f4xx_it.c MOTENV1/Src/system_stm32f4xx.c MOTENV1/Src/sensor_service.c MOTENV1/Src/syscalls.c MOTENV1/Src/TargetPlatform.c MOTENV1/Src/drv_uart.c Drivers/BSP/X-NUCLEO-IDB04A1/stm32_bluenrg_ble.c Middlewares/ST/STM32_BlueNRG/SimpleBlueNRG_HCI/hci/hci.c Middlewares/ST/STM32_BlueNRG/SimpleBlueNRG_HCI/hci/controller/bluenrg_gap_aci.c Middlewares/ST/STM32_BlueNRG/SimpleBlueNRG_HCI/hci/controller/bluenrg_gatt_aci.c Middlewares/ST/STM32_BlueNRG/SimpleBlueNRG_HCI/hci/controller/bluenrg_hal_aci.c Middlewares/ST/STM32_BlueNRG/SimpleBlueNRG_HCI/hci/controller/bluenrg_IFR.c Middlewares/ST/STM32_BlueNRG/SimpleBlueNRG_HCI/hci/controller/bluenrg_l2cap_aci.c Middlewares/ST/STM32_BlueNRG/SimpleBlueNRG_HCI/hci/controller/bluenrg_updater_aci.c Middlewares/ST/STM32_BlueNRG/SimpleBlueNRG_HCI/hci/controller/bluenrg_utils.c Middlewares/ST/STM32_BlueNRG/SimpleBlueNRG_HCI/utils/ble_list.c Middlewares/ST/STM32_BlueNRG/SimpleBlueNRG_HCI/utils/gp_timer.c Middlewares/ST/STM32_BlueNRG/SimpleBlueNRG_HCI/utils/osal.c Drivers/BSP/STM32F4xx-Nucleo/stm32f4xx_I2C.c Drivers/BSP/STM32F4xx-Nucleo/stm32f4xx_SPI.c Drivers/BSP/X_NUCLEO_IKS01A1/x_nucleo_iks01a1_humidity.c Drivers/BSP/X_NUCLEO_IKS01A1/x_nucleo_iks01a1_temperature.c Drivers/BSP/X_NUCLEO_IKS01A1/x_nucleo_iks01a1_pressure.c Drivers/BSP/X_NUCLEO_IKS01A1/x_nucleo_iks01a1.c Drivers/BSP/X_NUCLEO_IKS01A2/x_nucleo_iks01a2_humidity.c Drivers/BSP/X_NUCLEO_IKS01A2/x_nucleo_iks01a2_temperature.c Drivers/BSP/X_NUCLEO_IKS01A2/x_nucleo_iks01a2_pressure.c Drivers/BSP/X_NUCLEO_IKS01A2/x_nucleo_iks01a2.c Drivers/BSP/Components/hts221/HTS221_Driver_HL.c Drivers/BSP/Components/hts221/HTS221_Driver.c Drivers/BSP/Components/lps22hb/LPS22HB_Driver_HL.c Drivers/BSP/Components/lps22hb/LPS22HB_Driver.c Drivers/BSP/Components/lps25hb/LPS25HB_Driver_HL.c Drivers/BSP/Components/lps25hb/LPS25HB_Driver.c -o template.elf
MOTENV1/Src/main.c: In function 'main':
MOTENV1/Src/main.c:94:6: warning: implicit declaration of function 'setConnectable_2' [-Wimplicit-function-declaration]
      setConnectable_2();
      ^
MOTENV1/Src/main.c: In function 'SendEnvironmentalData':
MOTENV1/Src/main.c:153:11: warning: unused variable 'Status' [-Wunused-variable]
   uint8_t Status;
           ^
MOTENV1/Src/sensor_service.c: In function 'Environmental_Update':
MOTENV1/Src/sensor_service.c:178:11: warning: variable 'buff_Tick' set but not used [-Wunused-but-set-variable]
   uint8_t buff_Tick[2];
           ^
MOTENV1/Src/sensor_service.c: At top level:
MOTENV1/Src/sensor_service.c:32:17: warning: 'PressionCharHandle' defined but not used [-Wunused-variable]
 static uint16_t PressionCharHandle;
                 ^
MOTENV1/Src/sensor_service.c:36:17: warning: 'ConsoleW2STHandle' defined but not used [-Wunused-variable]
 static uint16_t ConsoleW2STHandle;
                 ^
MOTENV1/Src/sensor_service.c:39:16: warning: 'LastStderrBuffer' defined but not used [-Wunused-variable]
 static uint8_t LastStderrBuffer[W2ST_CONSOLE_MAX_CHAR_LEN];
                ^
MOTENV1/Src/sensor_service.c:40:16: warning: 'LastStderrLen' defined but not used [-Wunused-variable]
 static uint8_t LastStderrLen;
                ^
Middlewares/ST/STM32_BlueNRG/SimpleBlueNRG_HCI/hci/controller/bluenrg_gap_aci.c: In function 'aci_gap_set_limited_discoverable':
Middlewares/ST/STM32_BlueNRG/SimpleBlueNRG_HCI/hci/controller/bluenrg_gap_aci.c:123:40: warning: comparison between signed and unsigned integer expressions [-Wsign-compare]
   if ((LocalNameLen+ServiceUUIDLen+14) > sizeof(buffer))
                                        ^
Middlewares/ST/STM32_BlueNRG/SimpleBlueNRG_HCI/hci/controller/bluenrg_gap_aci.c: In function 'aci_gap_set_discoverable':
Middlewares/ST/STM32_BlueNRG/SimpleBlueNRG_HCI/hci/controller/bluenrg_gap_aci.c:186:40: warning: comparison between signed and unsigned integer expressions [-Wsign-compare]
   if ((LocalNameLen+ServiceUUIDLen+14) > sizeof(buffer))
                                        ^
Middlewares/ST/STM32_BlueNRG/SimpleBlueNRG_HCI/hci/controller/bluenrg_gap_aci.c: In function 'aci_gap_resolve_private_address_IDB05A1':
Middlewares/ST/STM32_BlueNRG/SimpleBlueNRG_HCI/hci/controller/bluenrg_gap_aci.c:1175:49: warning: 'sizeof' on array function parameter 'actual_address' will return size of 'uint8_t * {aka unsigned char *}' [-Wsizeof-array-argument]
   Osal_MemCpy(actual_address, rp.address, sizeof(actual_address));  
                                                 ^
Middlewares/ST/STM32_BlueNRG/SimpleBlueNRG_HCI/hci/controller/bluenrg_gap_aci.c:1153:91: note: declared here
 tBleStatus aci_gap_resolve_private_address_IDB05A1(const tBDAddr private_address, tBDAddr actual_address)
                                                                                           ^
Middlewares/ST/STM32_BlueNRG/SimpleBlueNRG_HCI/hci/controller/bluenrg_hal_aci.c: In function 'aci_hal_get_link_status':
Middlewares/ST/STM32_BlueNRG/SimpleBlueNRG_HCI/hci/controller/bluenrg_hal_aci.c:235:48: warning: 'sizeof' on array function parameter 'link_status' will return size of 'uint8_t * {aka unsigned char *}' [-Wsizeof-array-argument]
   Osal_MemCpy(link_status,rp.link_status,sizeof(link_status));
                                                ^
Middlewares/ST/STM32_BlueNRG/SimpleBlueNRG_HCI/hci/controller/bluenrg_hal_aci.c:218:44: note: declared here
 tBleStatus aci_hal_get_link_status(uint8_t link_status[8], uint16_t conn_handle[8])
                                            ^
Middlewares/ST/STM32_BlueNRG/SimpleBlueNRG_HCI/hci/controller/bluenrg_IFR.c:357:2: warning: #warning BLUENRG_CONFIG not valid [-Wcpp]
 #warning BLUENRG_CONFIG not valid
  ^
Middlewares/ST/STM32_BlueNRG/SimpleBlueNRG_HCI/hci/controller/bluenrg_utils.c: In function 'program_device':
Middlewares/ST/STM32_BlueNRG/SimpleBlueNRG_HCI/hci/controller/bluenrg_utils.c:102:3: warning: implicit declaration of function 'BlueNRG_HW_Bootloader' [-Wimplicit-function-declaration]
   BlueNRG_HW_Bootloader();
   ^
Middlewares/ST/STM32_BlueNRG/SimpleBlueNRG_HCI/hci/controller/bluenrg_utils.c:146:20: warning: comparison between signed and unsigned integer expressions [-Wsign-compare]
       for (j=i; ((j<SECTOR_SIZE+i)&&(j<fw_size)); j += data_size) {
                    ^
Middlewares/ST/STM32_BlueNRG/SimpleBlueNRG_HCI/hci/controller/bluenrg_utils.c:183:3: warning: implicit declaration of function 'BlueNRG_RST' [-Wimplicit-function-declaration]
   BlueNRG_RST();
   ^
/local/sdk_elec/gcc-arm-none-eabi-5_2-2015q4/bin/arm-none-eabi-objcopy -O ihex template.elf   template.hex
/local/sdk_elec/gcc-arm-none-eabi-5_2-2015q4/bin/arm-none-eabi-objcopy -O binary template.elf template.bin
15:47:51 **** Incremental Build of configuration Default for project stm32f411_base ****
make all 
make: Nothing to be done for 'all'.
16:00:19 **** Incremental Build of configuration Default for project stm32f411_base ****
make all 
make: Nothing to be done for 'all'.
